<?xml version="1.0" encoding="UTF-8"?>
<!-- Generated by org.testng.reporters.JUnitXMLReporter -->
<testsuite hostname="SUMIT" ignored="0" name="Test" tests="3" failures="0" timestamp="20 Sep 2018 05:59:48 GMT" time="43.022" errors="0">
  <testcase name="simpleTest" time="6.133" classname="scripts.AllTest"/>
  <testcase name="testAlertPrompt" time="22.911" classname="scripts.AlertHandleTestNG"/>
  <testcase name="testGoogleLinks" time="5.756" classname="scripts.GoogleHomePageLinksTestNG"/>
</testsuite> <!-- Test -->
